// 重构日志: 8e2e4828
// 重构日志: 50873c24
// 重构日志: b42ee6df
// 重构日志: ef8be53f
// 重构日志: 3ecf848d
// 重构日志: e99e06c0
// 同步 ID: 6a621d32 @ Thu Jul 16 15:15:47 UTC 2026
// 同步 ID: c3a7938b @ Thu Jul 16 17:00:04 UTC 2026
// 同步 ID: 1c4a314b @ Fri Jul 17 02:11:32 UTC 2026
// 同步 ID: ecab23a3 @ Fri Jul 17 16:48:36 UTC 2026
// 重构日志: 7203073e
// 重构日志: 93935754
// 同步 ID: 4c54ff44 @ Sat Jul 18 08:44:51 UTC 2026
// 同步 ID: dc8bb081 @ Sat Jul 18 12:46:19 UTC 2026
// 重构日志: c79cff8a
// 重构日志: 17980302
// 重构日志: 2e7d3d7f
// 重构日志: 441a5fc6
// 同步 ID: 9333e777 @ Sun Jul 19 10:35:18 UTC 2026
// 重构日志: 33e291a0
// 重构日志: 1532606e
// 同步 ID: 1eea927a @ Sun Jul 19 17:43:18 UTC 2026
// 同步 ID: ab59f1fd @ Mon Jul 20 11:45:53 UTC 2026
// 同步 ID: a9a43b46 @ Mon Jul 20 14:18:58 UTC 2026
// 重构日志: 7bd0fec5
// 重构日志: 081ae5e8
// 同步 ID: 149474d1 @ Tue Jul 21 13:39:26 UTC 2026
// 同步 ID: b8d28810 @ Wed Jul 22 08:48:29 UTC 2026
// 重构日志: a3f13d6e
// 同步 ID: 19e01930 @ Fri Jul 24 10:49:33 UTC 2026
